"blank"			"=========================="
"blank"			"#Valve_Movement_Title"
"blank"			"=========================="
"+forward"				"#Valve_Move_Forward"
"+back"					"#Valve_Move_Back"
"+moveleft"				"#Valve_Move_Left"
"+moveright"			"#Valve_Move_Right"
"+walk"             	"#Valve_Walk"
"+speed"             	"#Valve_Sprint"
"+jump"					"#Valve_Jump"
"+duck"					"#Valve_Duck"
"blank"			"=========================="
"blank"			"#Valve_Combat_Title"
"blank"			"=========================="
"+attack"				"#Valve_Primary_Attack"
"+attack2"				"#Valve_Secondary_Attack"
"+reload"				"#Valve_Reload_Weapon"
"+use"					"#Valve_Use_Items"
"phys_swap"				"#Valve_Gravity_Gun"
"impulse 100"			"#Valve_Flashlight"
"+zoom"					"#Valve_Suit_Zoom"
"impulse 50"			"#Valve_Commander_Mode"
"invnext"				"#Valve_Next_Weapon"
"invprev"				"#Valve_Previous_Weapon"
"lastinv"				"#Valve_Last_Weapon_Used"
"blank"			"=========================="
"blank"			"#Valve_Communication_Title"
"blank"			"=========================="
"+voicerecord"			"#Valve_Use_Voice_Communication"
"messagemode"			"#Valve_Chat_Message"
"messagemode2"			"#Valve_Team_Message"
"blank"			"=========================="
"blank"			"#Valve_Miscellaneous_Title"
"blank"			"=========================="
"jpeg"					"#Valve_Take_Screen_Shot"
"+showscores"			"#Valve_Display_Scores"
"impulse 201"			"#Valve_Spray_Logo"
"pause"					"#Valve_Pause_Game"
"quit"					"#Valve_Quit_Game"
"overview_mode"			"#Obsidian_Overview"
"blank"			"=========================="
"blank"			"#Valve_Miscellaneous_Keyboard_Keys_Title"
"blank"			"=========================="
"+left"					"#Valve_Turn_Left"
"+right"				"#Valve_Turn_Right"
"+moveup"				"#Valve_Swim_Up"
"+movedown"				"#Valve_Swim_Down"
"+lookup"				"#Valve_Look_Up"
"+lookdown"				"#Valve_Look_Down"
"+strafe"				"#Valve_Strafe_Modifier"
"+klook"				"#Valve_Keyboard_Look_Modifier"
"blank"			"=========================="
"blank"			"#Obsidian_Slots_Title"
"blank"			"=========================="
"slot1"					"#Obsidian_Slot1"
"slot2"					"#Obsidian_Slot2"
"slot3"					"#Obsidian_Slot3"
"slot4"					"#Obsidian_Slot4"
"slot5"					"#Obsidian_Slot5"
"slot6"					"#Obsidian_Slot6"
"slot7"					"#Obsidian_Slot7"
"slot8"					"#Obsidian_Slot8"
"slot9"					"#Obsidian_Slot9"
"slot10"				"#Obsidian_Slot10"
"blank"			"=========================="
"blank"			"#Obsidian_Keys_Title"
"blank"			"=========================="
"+cloak"             		"#Obsidian_Cloak"
"shield_toggle"			"#Obsidian_ShieldToggle"
"ironsight_toggle"		"#Obsidian_Ironsights"
"drop"				"#Obsidian_Drop"
"cl_toggleitemmenu"		"#Obsidian_ToggleMyItems"
"cl_dropselecteditem"		"#Obsidian_DropMyItem"
"ch_createairboat"		"#Obsidian_SpawnAirboat"
"ch_createjeep"			"#Obsidian_SpawnJeep"
"CallForAttention"		"#Obsidian_Attention"
"CallForMedic"			"#Obsidian_Medic"
"locate_players"		"#Obsidian_LocatePlayers"
"inventory_store"		"#Obsidian_Inventory_Store"
"transferpoints"		"#Obsidian_Transfer_Points"
"dropammo"			"#Obsidian_Drop_Ammo"
"joingame"             		"#Obsidian_JoinGame"
"ShowMapBriefing"		"#Obsidian_Map_Briefing"
"mp3"				"#Obsidian_mp3player"
